# JRE version: OpenJDK Runtime Environment (8.0_112-b06) (build 1.8.0_112-release-b06)
# Java VM: OpenJDK 64-Bit Server VM (25.112-b06 mixed mode windows-amd64 compressed oops)
Heap:
 PSYoungGen      total 74240K, used 55879K [0x00000000e0000000, 0x00000000e5480000, 0x0000000100000000)
  eden space 64000K, 81% used [0x00000000e0000000,0x00000000e32c3de0,0x00000000e3e80000)
  from space 10240K, 38% used [0x00000000e4a80000,0x00000000e4e4e200,0x00000000e5480000)
  to   space 11264K, 0% used [0x00000000e3e80000,0x00000000e3e80000,0x00000000e4980000)
 ParOldGen       total 87552K, used 16994K [0x00000000a0000000, 0x00000000a5580000, 0x00000000e0000000)
  object space 87552K, 19% used [0x00000000a0000000,0x00000000a10989c8,0x00000000a5580000)
 Metaspace       used 38724K, capacity 39598K, committed 39808K, reserved 1083392K
  class space    used 5203K, capacity 5435K, committed 5504K, reserved 1048576K
GC Heap History (10 events):
Event: 18.497 GC heap before
{Heap before GC invocations=8 (full 1):
 PSYoungGen      total 39424K, used 39053K [0x00000000e0000000, 0x00000000e4480000, 0x0000000100000000)
  eden space 32768K, 100% used [0x00000000e0000000,0x00000000e2000000,0x00000000e2000000)
  from space 6656K, 94% used [0x00000000e3e00000,0x00000000e4423568,0x00000000e4480000)
  to   space 10240K, 0% used [0x00000000e3080000,0x00000000e3080000,0x00000000e3a80000)
 ParOldGen       total 60928K, used 9069K [0x00000000a0000000, 0x00000000a3b80000, 0x00000000e0000000)
  object space 60928K, 14% used [0x00000000a0000000,0x00000000a08db570,0x00000000a3b80000)
 Metaspace       used 29722K, capacity 30420K, committed 30464K, reserved 1075200K
  class space    used 4097K, capacity 4310K, committed 4352K, reserved 1048576K
Event: 18.503 GC heap after
Heap after GC invocations=8 (full 1):
 PSYoungGen      total 39424K, used 6673K [0x00000000e0000000, 0x00000000e3e80000, 0x0000000100000000)
  eden space 32256K, 0% used [0x00000000e0000000,0x00000000e0000000,0x00000000e1f80000)
  from space 7168K, 93% used [0x00000000e3080000,0x00000000e3704538,0x00000000e3780000)
  to   space 7168K, 0% used [0x00000000e3780000,0x00000000e3780000,0x00000000e3e80000)
 ParOldGen       total 60928K, used 9141K [0x00000000a0000000, 0x00000000a3b80000, 0x00000000e0000000)
  object space 60928K, 15% used [0x00000000a0000000,0x00000000a08ed580,0x00000000a3b80000)
 Metaspace       used 29722K, capacity 30420K, committed 30464K, reserved 1075200K
  class space    used 4097K, capacity 4310K, committed 4352K, reserved 1048576K
}
Event: 18.752 GC heap before
{Heap before GC invocations=9 (full 1):
 PSYoungGen      total 39424K, used 38929K [0x00000000e0000000, 0x00000000e3e80000, 0x0000000100000000)
  eden space 32256K, 100% used [0x00000000e0000000,0x00000000e1f80000,0x00000000e1f80000)
  from space 7168K, 93% used [0x00000000e3080000,0x00000000e3704538,0x00000000e3780000)
  to   space 7168K, 0% used [0x00000000e3780000,0x00000000e3780000,0x00000000e3e80000)
 ParOldGen       total 60928K, used 9141K [0x00000000a0000000, 0x00000000a3b80000, 0x00000000e0000000)
  object space 60928K, 15% used [0x00000000a0000000,0x00000000a08ed580,0x00000000a3b80000)
 Metaspace       used 30065K, capacity 30676K, committed 30720K, reserved 1075200K
  class space    used 4102K, capacity 4310K, committed 4352K, reserved 1048576K
Event: 18.758 GC heap after
Heap after GC invocations=9 (full 1):
 PSYoungGen      total 54272K, used 5648K [0x00000000e0000000, 0x00000000e4780000, 0x0000000100000000)
  eden space 47104K, 0% used [0x00000000e0000000,0x00000000e0000000,0x00000000e2e00000)
  from space 7168K, 78% used [0x00000000e3780000,0x00000000e3d04040,0x00000000e3e80000)
  to   space 9728K, 0% used [0x00000000e2e00000,0x00000000e2e00000,0x00000000e3780000)
 ParOldGen       total 60928K, used 9149K [0x00000000a0000000, 0x00000000a3b80000, 0x00000000e0000000)
  object space 60928K, 15% used [0x00000000a0000000,0x00000000a08ef580,0x00000000a3b80000)
 Metaspace       used 30065K, capacity 30676K, committed 30720K, reserved 1075200K
  class space    used 4102K, capacity 4310K, committed 4352K, reserved 1048576K
}
Event: 26.944 GC heap before
{Heap before GC invocations=10 (full 1):
 PSYoungGen      total 54272K, used 46856K [0x00000000e0000000, 0x00000000e4780000, 0x0000000100000000)
  eden space 47104K, 87% used [0x00000000e0000000,0x00000000e283e198,0x00000000e2e00000)
  from space 7168K, 78% used [0x00000000e3780000,0x00000000e3d04040,0x00000000e3e80000)
  to   space 9728K, 0% used [0x00000000e2e00000,0x00000000e2e00000,0x00000000e3780000)
 ParOldGen       total 60928K, used 9149K [0x00000000a0000000, 0x00000000a3b80000, 0x00000000e0000000)
  object space 60928K, 15% used [0x00000000a0000000,0x00000000a08ef580,0x00000000a3b80000)
 Metaspace       used 34588K, capacity 35244K, committed 35456K, reserved 1079296K
  class space    used 4679K, capacity 4877K, committed 4992K, reserved 1048576K
Event: 26.958 GC heap after
Heap after GC invocations=10 (full 1):
 PSYoungGen      total 56832K, used 9714K [0x00000000e0000000, 0x00000000e5580000, 0x0000000100000000)
  eden space 47104K, 0% used [0x00000000e0000000,0x00000000e0000000,0x00000000e2e00000)
  from space 9728K, 99% used [0x00000000e2e00000,0x00000000e377ca00,0x00000000e3780000)
  to   space 11264K, 0% used [0x00000000e4a80000,0x00000000e4a80000,0x00000000e5580000)
 ParOldGen       total 60928K, used 10154K [0x00000000a0000000, 0x00000000a3b80000, 0x00000000e0000000)
  object space 60928K, 16% used [0x00000000a0000000,0x00000000a09ea900,0x00000000a3b80000)
 Metaspace       used 34588K, capacity 35244K, committed 35456K, reserved 1079296K
  class space    used 4679K, capacity 4877K, committed 4992K, reserved 1048576K
}
Event: 26.958 GC heap before
{Heap before GC invocations=11 (full 2):
 PSYoungGen      total 56832K, used 9714K [0x00000000e0000000, 0x00000000e5580000, 0x0000000100000000)
  eden space 47104K, 0% used [0x00000000e0000000,0x00000000e0000000,0x00000000e2e00000)
  from space 9728K, 99% used [0x00000000e2e00000,0x00000000e377ca00,0x00000000e3780000)
  to   space 11264K, 0% used [0x00000000e4a80000,0x00000000e4a80000,0x00000000e5580000)
 ParOldGen       total 60928K, used 10154K [0x00000000a0000000, 0x00000000a3b80000, 0x00000000e0000000)
  object space 60928K, 16% used [0x00000000a0000000,0x00000000a09ea900,0x00000000a3b80000)
 Metaspace       used 34588K, capacity 35244K, committed 35456K, reserved 1079296K
  class space    used 4679K, capacity 4877K, committed 4992K, reserved 1048576K
Event: 27.053 GC heap after
Heap after GC invocations=11 (full 2):
 PSYoungGen      total 56832K, used 0K [0x00000000e0000000, 0x00000000e5580000, 0x0000000100000000)
  eden space 47104K, 0% used [0x00000000e0000000,0x00000000e0000000,0x00000000e2e00000)
  from space 9728K, 0% used [0x00000000e2e00000,0x00000000e2e00000,0x00000000e3780000)
  to   space 11264K, 0% used [0x00000000e4a80000,0x00000000e4a80000,0x00000000e5580000)
 ParOldGen       total 87552K, used 16986K [0x00000000a0000000, 0x00000000a5580000, 0x00000000e0000000)
  object space 87552K, 19% used [0x00000000a0000000,0x00000000a10969c8,0x00000000a5580000)
 Metaspace       used 34588K, capacity 35244K, committed 35456K, reserved 1079296K
  class space    used 4679K, capacity 4877K, committed 4992K, reserved 1048576K
}
Event: 27.888 GC heap before
{Heap before GC invocations=12 (full 2):
 PSYoungGen      total 56832K, used 47104K [0x00000000e0000000, 0x00000000e5580000, 0x0000000100000000)
  eden space 47104K, 100% used [0x00000000e0000000,0x00000000e2e00000,0x00000000e2e00000)
  from space 9728K, 0% used [0x00000000e2e00000,0x00000000e2e00000,0x00000000e3780000)
  to   space 11264K, 0% used [0x00000000e4a80000,0x00000000e4a80000,0x00000000e5580000)
 ParOldGen       total 87552K, used 16986K [0x00000000a0000000, 0x00000000a5580000, 0x00000000e0000000)
  object space 87552K, 19% used [0x00000000a0000000,0x00000000a10969c8,0x00000000a5580000)
 Metaspace       used 36880K, capacity 37606K, committed 37888K, reserved 1081344K
  class space    used 4949K, capacity 5118K, committed 5120K, reserved 1048576K
Event: 27.893 GC heap after
Heap after GC invocations=12 (full 2):
 PSYoungGen      total 74240K, used 3896K [0x00000000e0000000, 0x00000000e5480000, 0x0000000100000000)
  eden space 64000K, 0% used [0x00000000e0000000,0x00000000e0000000,0x00000000e3e80000)
  from space 10240K, 38% used [0x00000000e4a80000,0x00000000e4e4e200,0x00000000e5480000)
  to   space 11264K, 0% used [0x00000000e3e80000,0x00000000e3e80000,0x00000000e4980000)
 ParOldGen       total 87552K, used 16994K [0x00000000a0000000, 0x00000000a5580000, 0x00000000e0000000)
  object space 87552K, 19% used [0x00000000a0000000,0x00000000a10989c8,0x00000000a5580000)
 Metaspace       used 36880K, capacity 37606K, committed 37888K, reserved 1081344K
  class space    used 4949K, capacity 5118K, committed 5120K, reserved 1048576K
}

