# JRE version: OpenJDK Runtime Environment (8.0_112-b06) (build 1.8.0_112-release-b06)
# Java VM: OpenJDK 64-Bit Server VM (25.112-b06 mixed mode windows-amd64 compressed oops)
Heap:
 PSYoungGen      total 351232K, used 166083K [0x00000000e0000000, 0x00000000f8b80000, 0x0000000100000000)
  eden space 313856K, 50% used [0x00000000e0000000,0x00000000e9bbc560,0x00000000f3280000)
  from space 37376K, 17% used [0x00000000f6700000,0x00000000f6d746c0,0x00000000f8b80000)
  to   space 45568K, 0% used [0x00000000f3280000,0x00000000f3280000,0x00000000f5f00000)
 ParOldGen       total 197120K, used 102077K [0x00000000a0000000, 0x00000000ac080000, 0x00000000e0000000)
  object space 197120K, 51% used [0x00000000a0000000,0x00000000a63af500,0x00000000ac080000)
 Metaspace       used 64631K, capacity 67042K, committed 67072K, reserved 1107968K
  class space    used 8238K, capacity 8703K, committed 8704K, reserved 1048576K
GC Heap History (10 events):
Event: 12.346 GC heap before
{Heap before GC invocations=15 (full 3):
 PSYoungGen      total 161280K, used 139264K [0x00000000e0000000, 0x00000000ef100000, 0x0000000100000000)
  eden space 139264K, 100% used [0x00000000e0000000,0x00000000e8800000,0x00000000e8800000)
  from space 22016K, 0% used [0x00000000e8800000,0x00000000e8800000,0x00000000e9d80000)
  to   space 34304K, 0% used [0x00000000ecf80000,0x00000000ecf80000,0x00000000ef100000)
 ParOldGen       total 197120K, used 64069K [0x00000000a0000000, 0x00000000ac080000, 0x00000000e0000000)
  object space 197120K, 32% used [0x00000000a0000000,0x00000000a3e91418,0x00000000ac080000)
 Metaspace       used 58878K, capacity 60608K, committed 60672K, reserved 1101824K
  class space    used 7748K, capacity 8163K, committed 8192K, reserved 1048576K
Event: 12.382 GC heap after
Heap after GC invocations=15 (full 3):
 PSYoungGen      total 205312K, used 34283K [0x00000000e0000000, 0x00000000ef600000, 0x0000000100000000)
  eden space 171008K, 0% used [0x00000000e0000000,0x00000000e0000000,0x00000000ea700000)
  from space 34304K, 99% used [0x00000000ecf80000,0x00000000ef0fae90,0x00000000ef100000)
  to   space 40448K, 0% used [0x00000000ea700000,0x00000000ea700000,0x00000000ece80000)
 ParOldGen       total 197120K, used 65344K [0x00000000a0000000, 0x00000000ac080000, 0x00000000e0000000)
  object space 197120K, 33% used [0x00000000a0000000,0x00000000a3fd0320,0x00000000ac080000)
 Metaspace       used 58878K, capacity 60608K, committed 60672K, reserved 1101824K
  class space    used 7748K, capacity 8163K, committed 8192K, reserved 1048576K
}
Event: 13.024 GC heap before
{Heap before GC invocations=16 (full 3):
 PSYoungGen      total 205312K, used 204470K [0x00000000e0000000, 0x00000000ef600000, 0x0000000100000000)
  eden space 171008K, 99% used [0x00000000e0000000,0x00000000ea632ad8,0x00000000ea700000)
  from space 34304K, 99% used [0x00000000ecf80000,0x00000000ef0fae90,0x00000000ef100000)
  to   space 40448K, 0% used [0x00000000ea700000,0x00000000ea700000,0x00000000ece80000)
 ParOldGen       total 197120K, used 65344K [0x00000000a0000000, 0x00000000ac080000, 0x00000000e0000000)
  object space 197120K, 33% used [0x00000000a0000000,0x00000000a3fd0320,0x00000000ac080000)
 Metaspace       used 60213K, capacity 62126K, committed 62464K, reserved 1103872K
  class space    used 7915K, capacity 8328K, committed 8448K, reserved 1048576K
Event: 13.052 GC heap after
Heap after GC invocations=16 (full 3):
 PSYoungGen      total 211456K, used 40445K [0x00000000e0000000, 0x00000000f3000000, 0x0000000100000000)
  eden space 171008K, 0% used [0x00000000e0000000,0x00000000e0000000,0x00000000ea700000)
  from space 40448K, 99% used [0x00000000ea700000,0x00000000ece7f578,0x00000000ece80000)
  to   space 47104K, 0% used [0x00000000f0200000,0x00000000f0200000,0x00000000f3000000)
 ParOldGen       total 197120K, used 66312K [0x00000000a0000000, 0x00000000ac080000, 0x00000000e0000000)
  object space 197120K, 33% used [0x00000000a0000000,0x00000000a40c2150,0x00000000ac080000)
 Metaspace       used 60213K, capacity 62126K, committed 62464K, reserved 1103872K
  class space    used 7915K, capacity 8328K, committed 8448K, reserved 1048576K
}
Event: 13.073 GC heap before
{Heap before GC invocations=17 (full 3):
 PSYoungGen      total 211456K, used 210768K [0x00000000e0000000, 0x00000000f3000000, 0x0000000100000000)
  eden space 171008K, 99% used [0x00000000e0000000,0x00000000ea654bc8,0x00000000ea700000)
  from space 40448K, 99% used [0x00000000ea700000,0x00000000ece7f578,0x00000000ece80000)
  to   space 47104K, 0% used [0x00000000f0200000,0x00000000f0200000,0x00000000f3000000)
 ParOldGen       total 197120K, used 66312K [0x00000000a0000000, 0x00000000ac080000, 0x00000000e0000000)
  object space 197120K, 33% used [0x00000000a0000000,0x00000000a40c2150,0x00000000ac080000)
 Metaspace       used 60218K, capacity 62126K, committed 62464K, reserved 1103872K
  class space    used 7915K, capacity 8328K, committed 8448K, reserved 1048576K
Event: 13.096 GC heap after
Heap after GC invocations=17 (full 3):
 PSYoungGen      total 264192K, used 3266K [0x00000000e0000000, 0x00000000f5700000, 0x0000000100000000)
  eden space 217088K, 0% used [0x00000000e0000000,0x00000000e0000000,0x00000000ed400000)
  from space 47104K, 6% used [0x00000000f0200000,0x00000000f0530970,0x00000000f3000000)
  to   space 47104K, 0% used [0x00000000ed400000,0x00000000ed400000,0x00000000f0200000)
 ParOldGen       total 197120K, used 100369K [0x00000000a0000000, 0x00000000ac080000, 0x00000000e0000000)
  object space 197120K, 50% used [0x00000000a0000000,0x00000000a62044c0,0x00000000ac080000)
 Metaspace       used 60218K, capacity 62126K, committed 62464K, reserved 1103872K
  class space    used 7915K, capacity 8328K, committed 8448K, reserved 1048576K
}
Event: 14.138 GC heap before
{Heap before GC invocations=18 (full 3):
 PSYoungGen      total 264192K, used 220354K [0x00000000e0000000, 0x00000000f5700000, 0x0000000100000000)
  eden space 217088K, 100% used [0x00000000e0000000,0x00000000ed400000,0x00000000ed400000)
  from space 47104K, 6% used [0x00000000f0200000,0x00000000f0530970,0x00000000f3000000)
  to   space 47104K, 0% used [0x00000000ed400000,0x00000000ed400000,0x00000000f0200000)
 ParOldGen       total 197120K, used 100369K [0x00000000a0000000, 0x00000000ac080000, 0x00000000e0000000)
  object space 197120K, 50% used [0x00000000a0000000,0x00000000a62044c0,0x00000000ac080000)
 Metaspace       used 60490K, capacity 62502K, committed 62720K, reserved 1103872K
  class space    used 7944K, capacity 8402K, committed 8448K, reserved 1048576K
Event: 14.143 GC heap after
Heap after GC invocations=18 (full 3):
 PSYoungGen      total 264192K, used 1215K [0x00000000e0000000, 0x00000000f9500000, 0x0000000100000000)
  eden space 217088K, 0% used [0x00000000e0000000,0x00000000e0000000,0x00000000ed400000)
  from space 47104K, 2% used [0x00000000ed400000,0x00000000ed52fd88,0x00000000f0200000)
  to   space 47104K, 0% used [0x00000000f6700000,0x00000000f6700000,0x00000000f9500000)
 ParOldGen       total 197120K, used 101529K [0x00000000a0000000, 0x00000000ac080000, 0x00000000e0000000)
  object space 197120K, 51% used [0x00000000a0000000,0x00000000a63264e0,0x00000000ac080000)
 Metaspace       used 60490K, capacity 62502K, committed 62720K, reserved 1103872K
  class space    used 7944K, capacity 8402K, committed 8448K, reserved 1048576K
}
Event: 18.421 GC heap before
{Heap before GC invocations=19 (full 3):
 PSYoungGen      total 264192K, used 218303K [0x00000000e0000000, 0x00000000f9500000, 0x0000000100000000)
  eden space 217088K, 100% used [0x00000000e0000000,0x00000000ed400000,0x00000000ed400000)
  from space 47104K, 2% used [0x00000000ed400000,0x00000000ed52fd88,0x00000000f0200000)
  to   space 47104K, 0% used [0x00000000f6700000,0x00000000f6700000,0x00000000f9500000)
 ParOldGen       total 197120K, used 101529K [0x00000000a0000000, 0x00000000ac080000, 0x00000000e0000000)
  object space 197120K, 51% used [0x00000000a0000000,0x00000000a63264e0,0x00000000ac080000)
 Metaspace       used 63790K, capacity 66010K, committed 66048K, reserved 1105920K
  class space    used 8207K, capacity 8677K, committed 8704K, reserved 1048576K
Event: 18.436 GC heap after
Heap after GC invocations=19 (full 3):
 PSYoungGen      total 351232K, used 6609K [0x00000000e0000000, 0x00000000f8b80000, 0x0000000100000000)
  eden space 313856K, 0% used [0x00000000e0000000,0x00000000e0000000,0x00000000f3280000)
  from space 37376K, 17% used [0x00000000f6700000,0x00000000f6d746c0,0x00000000f8b80000)
  to   space 45568K, 0% used [0x00000000f3280000,0x00000000f3280000,0x00000000f5f00000)
 ParOldGen       total 197120K, used 102077K [0x00000000a0000000, 0x00000000ac080000, 0x00000000e0000000)
  object space 197120K, 51% used [0x00000000a0000000,0x00000000a63af500,0x00000000ac080000)
 Metaspace       used 63790K, capacity 66010K, committed 66048K, reserved 1105920K
  class space    used 8207K, capacity 8677K, committed 8704K, reserved 1048576K
}

