# JRE version: OpenJDK Runtime Environment (8.0_112-b06) (build 1.8.0_112-release-b06)
# Java VM: OpenJDK 64-Bit Server VM (25.112-b06 mixed mode windows-amd64 compressed oops)
Heap:
 PSYoungGen      total 71680K, used 40580K [0x00000006c0000000, 0x00000006c4b00000, 0x00000007c0000000)
  eden space 66560K, 53% used [0x00000006c0000000,0x00000006c22a7380,0x00000006c4100000)
  from space 5120K, 99% used [0x00000006c4600000,0x00000006c4af9c98,0x00000006c4b00000)
  to   space 5120K, 0% used [0x00000006c4100000,0x00000006c4100000,0x00000006c4600000)
 ParOldGen       total 87552K, used 5851K [0x00000004c0000000, 0x00000004c5580000, 0x00000006c0000000)
  object space 87552K, 6% used [0x00000004c0000000,0x00000004c05b6d78,0x00000004c5580000)
 Metaspace       used 6092K, capacity 7152K, committed 7296K, reserved 1056768K
  class space    used 570K, capacity 616K, committed 640K, reserved 1048576K
GC Heap History (4 events):
Event: 0.574 GC heap before
{Heap before GC invocations=1 (full 0):
 PSYoungGen      total 38400K, used 33280K [0x00000006c0000000, 0x00000006c2a80000, 0x00000007c0000000)
  eden space 33280K, 100% used [0x00000006c0000000,0x00000006c2080000,0x00000006c2080000)
  from space 5120K, 0% used [0x00000006c2580000,0x00000006c2580000,0x00000006c2a80000)
  to   space 5120K, 0% used [0x00000006c2080000,0x00000006c2080000,0x00000006c2580000)
 ParOldGen       total 87552K, used 0K [0x00000004c0000000, 0x00000004c5580000, 0x00000006c0000000)
  object space 87552K, 0% used [0x00000004c0000000,0x00000004c0000000,0x00000004c5580000)
 Metaspace       used 5713K, capacity 6832K, committed 7040K, reserved 1056768K
  class space    used 564K, capacity 616K, committed 640K, reserved 1048576K
Event: 0.584 GC heap after
Heap after GC invocations=1 (full 0):
 PSYoungGen      total 38400K, used 5108K [0x00000006c0000000, 0x00000006c4b00000, 0x00000007c0000000)
  eden space 33280K, 0% used [0x00000006c0000000,0x00000006c0000000,0x00000006c2080000)
  from space 5120K, 99% used [0x00000006c2080000,0x00000006c257d258,0x00000006c2580000)
  to   space 5120K, 0% used [0x00000006c4600000,0x00000006c4600000,0x00000006c4b00000)
 ParOldGen       total 87552K, used 1249K [0x00000004c0000000, 0x00000004c5580000, 0x00000006c0000000)
  object space 87552K, 1% used [0x00000004c0000000,0x00000004c0138498,0x00000004c5580000)
 Metaspace       used 5713K, capacity 6832K, committed 7040K, reserved 1056768K
  class space    used 564K, capacity 616K, committed 640K, reserved 1048576K
}
Event: 0.778 GC heap before
{Heap before GC invocations=2 (full 0):
 PSYoungGen      total 38400K, used 38388K [0x00000006c0000000, 0x00000006c4b00000, 0x00000007c0000000)
  eden space 33280K, 100% used [0x00000006c0000000,0x00000006c2080000,0x00000006c2080000)
  from space 5120K, 99% used [0x00000006c2080000,0x00000006c257d258,0x00000006c2580000)
  to   space 5120K, 0% used [0x00000006c4600000,0x00000006c4600000,0x00000006c4b00000)
 ParOldGen       total 87552K, used 1249K [0x00000004c0000000, 0x00000004c5580000, 0x00000006c0000000)
  object space 87552K, 1% used [0x00000004c0000000,0x00000004c0138498,0x00000004c5580000)
 Metaspace       used 5958K, capacity 7024K, committed 7296K, reserved 1056768K
  class space    used 564K, capacity 616K, committed 640K, reserved 1048576K
Event: 0.790 GC heap after
Heap after GC invocations=2 (full 0):
 PSYoungGen      total 71680K, used 5095K [0x00000006c0000000, 0x00000006c4b00000, 0x00000007c0000000)
  eden space 66560K, 0% used [0x00000006c0000000,0x00000006c0000000,0x00000006c4100000)
  from space 5120K, 99% used [0x00000006c4600000,0x00000006c4af9c98,0x00000006c4b00000)
  to   space 5120K, 0% used [0x00000006c4100000,0x00000006c4100000,0x00000006c4600000)
 ParOldGen       total 87552K, used 5851K [0x00000004c0000000, 0x00000004c5580000, 0x00000006c0000000)
  object space 87552K, 6% used [0x00000004c0000000,0x00000004c05b6d78,0x00000004c5580000)
 Metaspace       used 5958K, capacity 7024K, committed 7296K, reserved 1056768K
  class space    used 564K, capacity 616K, committed 640K, reserved 1048576K
}

