# JRE version: OpenJDK Runtime Environment (8.0_112-b06) (build 1.8.0_112-release-b06)
# Java VM: OpenJDK 64-Bit Server VM (25.112-b06 mixed mode windows-amd64 compressed oops)
Heap:
 PSYoungGen      total 138240K, used 109226K [0x00000006c0000000, 0x00000006c8c00000, 0x00000007c0000000)
  eden space 133120K, 82% used [0x00000006c0000000,0x00000006c6aaab48,0x00000006c8200000)
  from space 5120K, 0% used [0x00000006c8200000,0x00000006c8200000,0x00000006c8700000)
  to   space 5120K, 0% used [0x00000006c8700000,0x00000006c8700000,0x00000006c8c00000)
 ParOldGen       total 165376K, used 165263K [0x00000004c0000000, 0x00000004ca180000, 0x00000006c0000000)
  object space 165376K, 99% used [0x00000004c0000000,0x00000004ca163e18,0x00000004ca180000)
 Metaspace       used 6396K, capacity 7280K, committed 7552K, reserved 1056768K
  class space    used 585K, capacity 616K, committed 640K, reserved 1048576K
GC Heap History (10 events):
Event: 5.867 GC heap before
{Heap before GC invocations=16 (full 5):
 PSYoungGen      total 138240K, used 133120K [0x00000006c0000000, 0x00000006c8c00000, 0x00000007c0000000)
  eden space 133120K, 100% used [0x00000006c0000000,0x00000006c8200000,0x00000006c8200000)
  from space 5120K, 0% used [0x00000006c8200000,0x00000006c8200000,0x00000006c8700000)
  to   space 5120K, 0% used [0x00000006c8700000,0x00000006c8700000,0x00000006c8c00000)
 ParOldGen       total 165376K, used 165260K [0x00000004c0000000, 0x00000004ca180000, 0x00000006c0000000)
  object space 165376K, 99% used [0x00000004c0000000,0x00000004ca163010,0x00000004ca180000)
 Metaspace       used 6392K, capacity 7280K, committed 7552K, reserved 1056768K
  class space    used 585K, capacity 616K, committed 640K, reserved 1048576K
Event: 6.499 GC heap after
Heap after GC invocations=16 (full 5):
 PSYoungGen      total 138240K, used 31186K [0x00000006c0000000, 0x00000006c8c00000, 0x00000007c0000000)
  eden space 133120K, 23% used [0x00000006c0000000,0x00000006c1e74b68,0x00000006c8200000)
  from space 5120K, 0% used [0x00000006c8200000,0x00000006c8200000,0x00000006c8700000)
  to   space 5120K, 0% used [0x00000006c8700000,0x00000006c8700000,0x00000006c8c00000)
 ParOldGen       total 165376K, used 165267K [0x00000004c0000000, 0x00000004ca180000, 0x00000006c0000000)
  object space 165376K, 99% used [0x00000004c0000000,0x00000004ca164c78,0x00000004ca180000)
 Metaspace       used 6392K, capacity 7280K, committed 7552K, reserved 1056768K
  class space    used 585K, capacity 616K, committed 640K, reserved 1048576K
}
Event: 6.716 GC heap before
{Heap before GC invocations=17 (full 6):
 PSYoungGen      total 138240K, used 133120K [0x00000006c0000000, 0x00000006c8c00000, 0x00000007c0000000)
  eden space 133120K, 100% used [0x00000006c0000000,0x00000006c8200000,0x00000006c8200000)
  from space 5120K, 0% used [0x00000006c8200000,0x00000006c8200000,0x00000006c8700000)
  to   space 5120K, 0% used [0x00000006c8700000,0x00000006c8700000,0x00000006c8c00000)
 ParOldGen       total 165376K, used 165267K [0x00000004c0000000, 0x00000004ca180000, 0x00000006c0000000)
  object space 165376K, 99% used [0x00000004c0000000,0x00000004ca164c78,0x00000004ca180000)
 Metaspace       used 6392K, capacity 7280K, committed 7552K, reserved 1056768K
  class space    used 585K, capacity 616K, committed 640K, reserved 1048576K
Event: 7.126 GC heap after
Heap after GC invocations=17 (full 6):
 PSYoungGen      total 138240K, used 46876K [0x00000006c0000000, 0x00000006c8c00000, 0x00000007c0000000)
  eden space 133120K, 35% used [0x00000006c0000000,0x00000006c2dc7378,0x00000006c8200000)
  from space 5120K, 0% used [0x00000006c8200000,0x00000006c8200000,0x00000006c8700000)
  to   space 5120K, 0% used [0x00000006c8700000,0x00000006c8700000,0x00000006c8c00000)
 ParOldGen       total 165376K, used 165266K [0x00000004c0000000, 0x00000004ca180000, 0x00000006c0000000)
  object space 165376K, 99% used [0x00000004c0000000,0x00000004ca164b78,0x00000004ca180000)
 Metaspace       used 6392K, capacity 7280K, committed 7552K, reserved 1056768K
  class space    used 585K, capacity 616K, committed 640K, reserved 1048576K
}
Event: 7.333 GC heap before
{Heap before GC invocations=18 (full 7):
 PSYoungGen      total 138240K, used 133120K [0x00000006c0000000, 0x00000006c8c00000, 0x00000007c0000000)
  eden space 133120K, 100% used [0x00000006c0000000,0x00000006c8200000,0x00000006c8200000)
  from space 5120K, 0% used [0x00000006c8200000,0x00000006c8200000,0x00000006c8700000)
  to   space 5120K, 0% used [0x00000006c8700000,0x00000006c8700000,0x00000006c8c00000)
 ParOldGen       total 165376K, used 165266K [0x00000004c0000000, 0x00000004ca180000, 0x00000006c0000000)
  object space 165376K, 99% used [0x00000004c0000000,0x00000004ca164b78,0x00000004ca180000)
 Metaspace       used 6393K, capacity 7280K, committed 7552K, reserved 1056768K
  class space    used 585K, capacity 616K, committed 640K, reserved 1048576K
Event: 7.661 GC heap after
Heap after GC invocations=18 (full 7):
 PSYoungGen      total 138240K, used 59979K [0x00000006c0000000, 0x00000006c8c00000, 0x00000007c0000000)
  eden space 133120K, 45% used [0x00000006c0000000,0x00000006c3a92dd0,0x00000006c8200000)
  from space 5120K, 0% used [0x00000006c8200000,0x00000006c8200000,0x00000006c8700000)
  to   space 5120K, 0% used [0x00000006c8700000,0x00000006c8700000,0x00000006c8c00000)
 ParOldGen       total 165376K, used 165266K [0x00000004c0000000, 0x00000004ca180000, 0x00000006c0000000)
  object space 165376K, 99% used [0x00000004c0000000,0x00000004ca164b78,0x00000004ca180000)
 Metaspace       used 6393K, capacity 7280K, committed 7552K, reserved 1056768K
  class space    used 585K, capacity 616K, committed 640K, reserved 1048576K
}
Event: 7.789 GC heap before
{Heap before GC invocations=19 (full 8):
 PSYoungGen      total 138240K, used 133120K [0x00000006c0000000, 0x00000006c8c00000, 0x00000007c0000000)
  eden space 133120K, 100% used [0x00000006c0000000,0x00000006c8200000,0x00000006c8200000)
  from space 5120K, 0% used [0x00000006c8200000,0x00000006c8200000,0x00000006c8700000)
  to   space 5120K, 0% used [0x00000006c8700000,0x00000006c8700000,0x00000006c8c00000)
 ParOldGen       total 165376K, used 165266K [0x00000004c0000000, 0x00000004ca180000, 0x00000006c0000000)
  object space 165376K, 99% used [0x00000004c0000000,0x00000004ca164b78,0x00000004ca180000)
 Metaspace       used 6395K, capacity 7280K, committed 7552K, reserved 1056768K
  class space    used 585K, capacity 616K, committed 640K, reserved 1048576K
Event: 8.285 GC heap after
Heap after GC invocations=19 (full 8):
 PSYoungGen      total 138240K, used 71521K [0x00000006c0000000, 0x00000006c8c00000, 0x00000007c0000000)
  eden space 133120K, 53% used [0x00000006c0000000,0x00000006c45d8508,0x00000006c8200000)
  from space 5120K, 0% used [0x00000006c8200000,0x00000006c8200000,0x00000006c8700000)
  to   space 5120K, 0% used [0x00000006c8700000,0x00000006c8700000,0x00000006c8c00000)
 ParOldGen       total 165376K, used 165266K [0x00000004c0000000, 0x00000004ca180000, 0x00000006c0000000)
  object space 165376K, 99% used [0x00000004c0000000,0x00000004ca164888,0x00000004ca180000)
 Metaspace       used 6395K, capacity 7280K, committed 7552K, reserved 1056768K
  class space    used 585K, capacity 616K, committed 640K, reserved 1048576K
}
Event: 8.415 GC heap before
{Heap before GC invocations=20 (full 9):
 PSYoungGen      total 138240K, used 133120K [0x00000006c0000000, 0x00000006c8c00000, 0x00000007c0000000)
  eden space 133120K, 100% used [0x00000006c0000000,0x00000006c8200000,0x00000006c8200000)
  from space 5120K, 0% used [0x00000006c8200000,0x00000006c8200000,0x00000006c8700000)
  to   space 5120K, 0% used [0x00000006c8700000,0x00000006c8700000,0x00000006c8c00000)
 ParOldGen       total 165376K, used 165266K [0x00000004c0000000, 0x00000004ca180000, 0x00000006c0000000)
  object space 165376K, 99% used [0x00000004c0000000,0x00000004ca164888,0x00000004ca180000)
 Metaspace       used 6396K, capacity 7280K, committed 7552K, reserved 1056768K
  class space    used 585K, capacity 616K, committed 640K, reserved 1048576K
Event: 8.972 GC heap after
Heap after GC invocations=20 (full 9):
 PSYoungGen      total 138240K, used 80633K [0x00000006c0000000, 0x00000006c8c00000, 0x00000007c0000000)
  eden space 133120K, 60% used [0x00000006c0000000,0x00000006c4ebe6b0,0x00000006c8200000)
  from space 5120K, 0% used [0x00000006c8200000,0x00000006c8200000,0x00000006c8700000)
  to   space 5120K, 0% used [0x00000006c8700000,0x00000006c8700000,0x00000006c8c00000)
 ParOldGen       total 165376K, used 165263K [0x00000004c0000000, 0x00000004ca180000, 0x00000006c0000000)
  object space 165376K, 99% used [0x00000004c0000000,0x00000004ca163e18,0x00000004ca180000)
 Metaspace       used 6396K, capacity 7280K, committed 7552K, reserved 1056768K
  class space    used 585K, capacity 616K, committed 640K, reserved 1048576K
}

