# JRE version: OpenJDK Runtime Environment (8.0_112-b06) (build 1.8.0_112-release-b06)
# Java VM: OpenJDK 64-Bit Server VM (25.112-b06 mixed mode windows-amd64 compressed oops)
Heap:
 PSYoungGen      total 71680K, used 21311K [0x00000006c0000000, 0x00000006c4b00000, 0x00000007c0000000)
  eden space 66560K, 24% used [0x00000006c0000000,0x00000006c0fd7be8,0x00000006c4100000)
  from space 5120K, 99% used [0x00000006c4600000,0x00000006c4af8028,0x00000006c4b00000)
  to   space 5120K, 0% used [0x00000006c4100000,0x00000006c4100000,0x00000006c4600000)
 ParOldGen       total 87552K, used 5668K [0x00000004c0000000, 0x00000004c5580000, 0x00000006c0000000)
  object space 87552K, 6% used [0x00000004c0000000,0x00000004c05893b0,0x00000004c5580000)
 Metaspace       used 6170K, capacity 7026K, committed 7296K, reserved 1056768K
  class space    used 592K, capacity 618K, committed 640K, reserved 1048576K
GC Heap History (4 events):
Event: 0.428 GC heap before
{Heap before GC invocations=1 (full 0):
 PSYoungGen      total 38400K, used 33280K [0x00000006c0000000, 0x00000006c2a80000, 0x00000007c0000000)
  eden space 33280K, 100% used [0x00000006c0000000,0x00000006c2080000,0x00000006c2080000)
  from space 5120K, 0% used [0x00000006c2580000,0x00000006c2580000,0x00000006c2a80000)
  to   space 5120K, 0% used [0x00000006c2080000,0x00000006c2080000,0x00000006c2580000)
 ParOldGen       total 87552K, used 0K [0x00000004c0000000, 0x00000004c5580000, 0x00000006c0000000)
  object space 87552K, 0% used [0x00000004c0000000,0x00000004c0000000,0x00000004c5580000)
 Metaspace       used 5755K, capacity 6768K, committed 7040K, reserved 1056768K
  class space    used 572K, capacity 616K, committed 640K, reserved 1048576K
Event: 0.437 GC heap after
Heap after GC invocations=1 (full 0):
 PSYoungGen      total 38400K, used 5114K [0x00000006c0000000, 0x00000006c4b00000, 0x00000007c0000000)
  eden space 33280K, 0% used [0x00000006c0000000,0x00000006c0000000,0x00000006c2080000)
  from space 5120K, 99% used [0x00000006c2080000,0x00000006c257eac8,0x00000006c2580000)
  to   space 5120K, 0% used [0x00000006c4600000,0x00000006c4600000,0x00000006c4b00000)
 ParOldGen       total 87552K, used 1430K [0x00000004c0000000, 0x00000004c5580000, 0x00000006c0000000)
  object space 87552K, 1% used [0x00000004c0000000,0x00000004c0165b50,0x00000004c5580000)
 Metaspace       used 5755K, capacity 6768K, committed 7040K, reserved 1056768K
  class space    used 572K, capacity 616K, committed 640K, reserved 1048576K
}
Event: 0.713 GC heap before
{Heap before GC invocations=2 (full 0):
 PSYoungGen      total 38400K, used 38394K [0x00000006c0000000, 0x00000006c4b00000, 0x00000007c0000000)
  eden space 33280K, 100% used [0x00000006c0000000,0x00000006c2080000,0x00000006c2080000)
  from space 5120K, 99% used [0x00000006c2080000,0x00000006c257eac8,0x00000006c2580000)
  to   space 5120K, 0% used [0x00000006c4600000,0x00000006c4600000,0x00000006c4b00000)
 ParOldGen       total 87552K, used 1430K [0x00000004c0000000, 0x00000004c5580000, 0x00000006c0000000)
  object space 87552K, 1% used [0x00000004c0000000,0x00000004c0165b50,0x00000004c5580000)
 Metaspace       used 6135K, capacity 7026K, committed 7296K, reserved 1056768K
  class space    used 592K, capacity 618K, committed 640K, reserved 1048576K
Event: 0.744 GC heap after
Heap after GC invocations=2 (full 0):
 PSYoungGen      total 71680K, used 5088K [0x00000006c0000000, 0x00000006c4b00000, 0x00000007c0000000)
  eden space 66560K, 0% used [0x00000006c0000000,0x00000006c0000000,0x00000006c4100000)
  from space 5120K, 99% used [0x00000006c4600000,0x00000006c4af8028,0x00000006c4b00000)
  to   space 5120K, 0% used [0x00000006c4100000,0x00000006c4100000,0x00000006c4600000)
 ParOldGen       total 87552K, used 5668K [0x00000004c0000000, 0x00000004c5580000, 0x00000006c0000000)
  object space 87552K, 6% used [0x00000004c0000000,0x00000004c05893b0,0x00000004c5580000)
 Metaspace       used 6135K, capacity 7026K, committed 7296K, reserved 1056768K
  class space    used 592K, capacity 618K, committed 640K, reserved 1048576K
}

